{"numTotalTestSuites":11,"numPassedTestSuites":9,"numFailedTestSuites":2,"numPendingTestSuites":0,"numTotalTests":37,"numPassedTests":36,"numFailedTests":1,"numPendingTests":0,"numTodoTests":0,"snapshot":{"added":0,"failure":false,"filesAdded":0,"filesRemoved":0,"filesRemovedList":[],"filesUnmatched":0,"filesUpdated":0,"matched":0,"total":0,"unchecked":0,"uncheckedKeysByFile":[],"unmatched":0,"updated":0,"didUpdate":false},"startTime":1771984560726,"success":false,"testResults":[{"assertionResults":[{"ancestorTitles":["isInterState"],"fullName":"isInterState returns true when sender and receiver are in different states","status":"passed","title":"returns true when sender and receiver are in different states","duration":1.1749999999999545,"failureMessages":[],"meta":{}},{"ancestorTitles":["isInterState"],"fullName":"isInterState returns false when sender and receiver share the same state code","status":"passed","title":"returns false when sender and receiver share the same state code","duration":0.23279999999999745,"failureMessages":[],"meta":{}},{"ancestorTitles":["isInterState"],"fullName":"isInterState treats numeric-string codes correctly","status":"passed","title":"treats numeric-string codes correctly","duration":0.16620000000011714,"failureMessages":[],"meta":{}},{"ancestorTitles":["calculateItemTax","intra-state (Jharkhand ΓåÆ Jharkhand, state_code=20)"],"fullName":"calculateItemTax intra-state (Jharkhand ΓåÆ Jharkhand, state_code=20) computes taxable value correctly","status":"passed","title":"computes taxable value correctly","duration":0.3428000000001248,"failureMessages":[],"meta":{}},{"ancestorTitles":["calculateItemTax","intra-state (Jharkhand ΓåÆ Jharkhand, state_code=20)"],"fullName":"calculateItemTax intra-state (Jharkhand ΓåÆ Jharkhand, state_code=20) uses CGST 9% and SGST 9% for intra-state","status":"passed","title":"uses CGST 9% and SGST 9% for intra-state","duration":0.1777999999999338,"failureMessages":[],"meta":{}},{"ancestorTitles":["calculateItemTax","intra-state (Jharkhand ΓåÆ Jharkhand, state_code=20)"],"fullName":"calculateItemTax intra-state (Jharkhand ΓåÆ Jharkhand, state_code=20) calculates CGST and SGST amounts correctly","status":"passed","title":"calculates CGST and SGST amounts correctly","duration":0.21600000000012187,"failureMessages":[],"meta":{}},{"ancestorTitles":["calculateItemTax","intra-state (Jharkhand ΓåÆ Jharkhand, state_code=20)"],"fullName":"calculateItemTax intra-state (Jharkhand ΓåÆ Jharkhand, state_code=20) totals taxable + CGST + SGST","status":"passed","title":"totals taxable + CGST + SGST","duration":0.13020000000005894,"failureMessages":[],"meta":{}},{"ancestorTitles":["calculateItemTax","inter-state (Jharkhand ΓåÆ Maharashtra)"],"fullName":"calculateItemTax inter-state (Jharkhand ΓåÆ Maharashtra) computes taxable value correctly","status":"passed","title":"computes taxable value correctly","duration":0.13989999999989777,"failureMessages":[],"meta":{}},{"ancestorTitles":["calculateItemTax","inter-state (Jharkhand ΓåÆ Maharashtra)"],"fullName":"calculateItemTax inter-state (Jharkhand ΓåÆ Maharashtra) uses IGST 18% for inter-state","status":"passed","title":"uses IGST 18% for inter-state","duration":0.31229999999982283,"failureMessages":[],"meta":{}},{"ancestorTitles":["calculateItemTax","inter-state (Jharkhand ΓåÆ Maharashtra)"],"fullName":"calculateItemTax inter-state (Jharkhand ΓåÆ Maharashtra) calculates IGST amount correctly","status":"passed","title":"calculates IGST amount correctly","duration":0.1553999999998723,"failureMessages":[],"meta":{}},{"ancestorTitles":["calculateItemTax","inter-state (Jharkhand ΓåÆ Maharashtra)"],"fullName":"calculateItemTax inter-state (Jharkhand ΓåÆ Maharashtra) totals taxable + IGST","status":"passed","title":"totals taxable + IGST","duration":0.06410000000005311,"failureMessages":[],"meta":{}},{"ancestorTitles":["calculateItemTax","always uses sender state_code=20 (Jamshedpur override)"],"fullName":"calculateItemTax always uses sender state_code=20 (Jamshedpur override) treats any sender state as Jharkhand (code 20)","status":"passed","title":"treats any sender state as Jharkhand (code 20)","duration":0.11209999999982756,"failureMessages":[],"meta":{}},{"ancestorTitles":["calculateItemTax","edge cases"],"fullName":"calculateItemTax edge cases returns zero amounts for zero quantity","status":"passed","title":"returns zero amounts for zero quantity","duration":0.09249999999997272,"failureMessages":[],"meta":{}},{"ancestorTitles":["calculateItemTax","edge cases"],"fullName":"calculateItemTax edge cases returns zero amounts for zero rate","status":"passed","title":"returns zero amounts for zero rate","duration":0.22469999999998436,"failureMessages":[],"meta":{}},{"ancestorTitles":["calculateItemTax","edge cases"],"fullName":"calculateItemTax edge cases rounds to 2 decimal places","status":"passed","title":"rounds to 2 decimal places","duration":0.29330000000004475,"failureMessages":[],"meta":{}},{"ancestorTitles":["calculateItemTax","edge cases"],"fullName":"calculateItemTax edge cases handles fractional quantities","status":"passed","title":"handles fractional quantities","duration":0.14480000000003201,"failureMessages":[],"meta":{}},{"ancestorTitles":["calculateInvoiceTotals"],"fullName":"calculateInvoiceTotals sums subtotal from taxable values","status":"passed","title":"sums subtotal from taxable values","duration":0.25710000000003674,"failureMessages":[],"meta":{}},{"ancestorTitles":["calculateInvoiceTotals"],"fullName":"calculateInvoiceTotals sums CGST across all items","status":"passed","title":"sums CGST across all items","duration":0.07660000000009859,"failureMessages":[],"meta":{}},{"ancestorTitles":["calculateInvoiceTotals"],"fullName":"calculateInvoiceTotals sums SGST across all items","status":"passed","title":"sums SGST across all items","duration":0.06319999999982429,"failureMessages":[],"meta":{}},{"ancestorTitles":["calculateInvoiceTotals"],"fullName":"calculateInvoiceTotals sums IGST across all items","status":"passed","title":"sums IGST across all items","duration":0.05529999999998836,"failureMessages":[],"meta":{}},{"ancestorTitles":["calculateInvoiceTotals"],"fullName":"calculateInvoiceTotals calculates total amount correctly (no transport)","status":"passed","title":"calculates total amount correctly (no transport)","duration":0.06060000000002219,"failureMessages":[],"meta":{}},{"ancestorTitles":["calculateInvoiceTotals"],"fullName":"calculateInvoiceTotals adds transportation charges to total amount","status":"passed","title":"adds transportation charges to total amount","duration":0.05889999999999418,"failureMessages":[],"meta":{}},{"ancestorTitles":["calculateInvoiceTotals"],"fullName":"calculateInvoiceTotals handles empty items array","status":"passed","title":"handles empty items array","duration":0.09380000000010114,"failureMessages":[],"meta":{}},{"ancestorTitles":["calculateInvoiceTotals"],"fullName":"calculateInvoiceTotals handles IGST-based items","status":"passed","title":"handles IGST-based items","duration":0.10509999999999309,"failureMessages":[],"meta":{}},{"ancestorTitles":["generateInvoiceNumber"],"fullName":"generateInvoiceNumber generates the first invoice number when no previous exists","status":"passed","title":"generates the first invoice number when no previous exists","duration":0.11840000000006512,"failureMessages":[],"meta":{}},{"ancestorTitles":["generateInvoiceNumber"],"fullName":"generateInvoiceNumber generates 0001 when lastInvoiceNumber is empty string","status":"passed","title":"generates 0001 when lastInvoiceNumber is empty string","duration":0.0544999999999618,"failureMessages":[],"meta":{}},{"ancestorTitles":["generateInvoiceNumber"],"fullName":"generateInvoiceNumber increments the sequence by 1","status":"passed","title":"increments the sequence by 1","duration":0.08459999999990941,"failureMessages":[],"meta":{}},{"ancestorTitles":["generateInvoiceNumber"],"fullName":"generateInvoiceNumber pads the number to 4 digits","status":"passed","title":"pads the number to 4 digits","duration":0.05260000000021137,"failureMessages":[],"meta":{}},{"ancestorTitles":["generateInvoiceNumber"],"fullName":"generateInvoiceNumber resets to 0001 when previous invoice has a different year prefix","status":"passed","title":"resets to 0001 when previous invoice has a different year prefix","duration":0.05520000000001346,"failureMessages":[],"meta":{}},{"ancestorTitles":["generateInvoiceNumber"],"fullName":"generateInvoiceNumber handles large sequence numbers","status":"passed","title":"handles large sequence numbers","duration":0.05169999999998254,"failureMessages":[],"meta":{}},{"ancestorTitles":["formatCurrency"],"fullName":"formatCurrency formats INR currency with Γé╣ symbol","status":"passed","title":"formats INR currency with Γé╣ symbol","duration":21.5308,"failureMessages":[],"meta":{}},{"ancestorTitles":["formatCurrency"],"fullName":"formatCurrency formats zero correctly","status":"passed","title":"formats zero correctly","duration":0.3911000000000513,"failureMessages":[],"meta":{}},{"ancestorTitles":["formatCurrency"],"fullName":"formatCurrency always shows 2 decimal places","status":"passed","title":"always shows 2 decimal places","duration":0.27899999999999636,"failureMessages":[],"meta":{}},{"ancestorTitles":["formatCurrency"],"fullName":"formatCurrency formats large numbers with Indian comma grouping","status":"passed","title":"formats large numbers with Indian comma grouping","duration":0.23839999999995598,"failureMessages":[],"meta":{}},{"ancestorTitles":["formatDate"],"fullName":"formatDate formats an ISO date string to dd/mm/yyyy format","status":"failed","title":"formats an ISO date string to dd/mm/yyyy format","duration":8.988000000000056,"failureMessages":["AssertionError: expected '14/01/2024' to match /15\\/01\\/2024|01\\/15\\/2024/01\\\n    at H:/navneet-precision-web-2/src/test/calculations.test.ts:233:24\n    at file:///H:/navneet-precision-web-2/node_modules/@vitest/runner/dist/index.js:145:11\n    at file:///H:/navneet-precision-web-2/node_modules/@vitest/runner/dist/index.js:915:26\n    at file:///H:/navneet-precision-web-2/node_modules/@vitest/runner/dist/index.js:1243:20\n    at new Promise (<anonymous>)\n    at runWithTimeout (file:///H:/navneet-precision-web-2/node_modules/@vitest/runner/dist/index.js:1209:10)\n    at file:///H:/navneet-precision-web-2/node_modules/@vitest/runner/dist/index.js:1653:37\n    at Traces.$ (file:///H:/navneet-precision-web-2/node_modules/vitest/dist/chunks/traces.CCmnQaNT.js:142:27)\n    at trace (file:///H:/navneet-precision-web-2/node_modules/vitest/dist/chunks/test.B8ej_ZHS.js:239:21)\n    at runTest (file:///H:/navneet-precision-web-2/node_modules/@vitest/runner/dist/index.js:1653:12)"],"meta":{}},{"ancestorTitles":["formatDate"],"fullName":"formatDate accepts a Date object","status":"passed","title":"accepts a Date object","duration":0.3161999999999807,"failureMessages":[],"meta":{}},{"ancestorTitles":["formatDate"],"fullName":"formatDate returns a non-empty string for valid dates","status":"passed","title":"returns a non-empty string for valid dates","duration":0.2716000000000349,"failureMessages":[],"meta":{}}],"startTime":1771984562400,"endTime":1771984562439.2715,"status":"failed","message":"","name":"H:/navneet-precision-web-2/src/test/calculations.test.ts"}]}
